<?xml version="1.0" encoding="UTF-8"?>
<!-- Generated by org.testng.reporters.JUnitReportReporter -->
<testsuite hostname="R50000199" failures="0" tests="1" name="org.meta.facebook.tests.Test_Signup" time="209.211" errors="0" timestamp="09 Oct 2023 08:10:16 GMT" skipped="0">
  <testcase classname="org.meta.facebook.tests.Test_Signup" name="SignupTest" time="209.211"/>
</testsuite> <!-- org.meta.facebook.tests.Test_Signup -->
